<?xml version="1.0" encoding="UTF-8"?>
<!-- Generated by org.testng.reporters.JUnitReportReporter -->
<testsuite hostname="STEPHENMUTINDA" failures="0" tests="4" name="com.toladata.tests.projectphasestestcases.PhasesTestCases" time="47.399" errors="0" timestamp="2023-09-02T20:41:47 EAT" skipped="0">
  <testcase classname="com.toladata.tests.projectphasestestcases.PhasesTestCases" name="testCreateNewProjectSuccessFully" time="20.660"/>
  <system-out/>
  <testcase classname="com.toladata.tests.projectphasestestcases.PhasesTestCases" name="testCreateNewPhaseToExistingProject" time="12.727"/>
  <system-out/>
  <testcase classname="com.toladata.tests.projectphasestestcases.PhasesTestCases" name="testEditAlreadyCreatedPhaseSuccessfully" time="7.351"/>
  <system-out/>
  <testcase classname="com.toladata.tests.projectphasestestcases.PhasesTestCases" name="testDeleteAlreadyCreatedPhaseSuccessfully" time="6.661"/>
  <system-out/>
</testsuite> <!-- com.toladata.tests.projectphasestestcases.PhasesTestCases -->
