<?xml version="1.0" encoding="UTF-8"?>
<!-- Generated by org.testng.reporters.JUnitReportReporter -->
<testsuite hostname="STEPHENMUTINDA" failures="0" tests="4" name="com.toladata.tests.logintestcases.LoginTestCases" time="24.457" errors="0" timestamp="2023-09-02T12:49:55 EAT" skipped="0">
  <testcase classname="com.toladata.tests.logintestcases.LoginTestCases" name="testInvalidLoginIsWorkingCorrectly" time="18.979"/>
  <testcase classname="com.toladata.tests.logintestcases.LoginTestCases" name="testInvalidUserNameValidPasswordLoginWontAllowLoginSuccess" time="0.910"/>
  <testcase classname="com.toladata.tests.logintestcases.LoginTestCases" name="testPasswordIsMaskedCorrectly" time="0.522"/>
  <testcase classname="com.toladata.tests.logintestcases.LoginTestCases" name="testSuccessfulUserLogin" time="4.046"/>
</testsuite> <!-- com.toladata.tests.logintestcases.LoginTestCases -->
