<?xml version="1.0" encoding="UTF-8"?>
<!-- Generated by org.testng.reporters.JUnitReportReporter -->
<testsuite hostname="Stephens-MacBook-Pro.local" failures="0" tests="4" name="com.toladata.tests.logintestcases.LoginTestCases" time="57.881" errors="0" timestamp="2023-09-03T13:03:02 EAT" skipped="0">
  <testcase classname="com.toladata.tests.logintestcases.LoginTestCases" name="testInvalidLoginIsWorkingCorrectly" time="53.586"/>
  <system-out/>
  <testcase classname="com.toladata.tests.logintestcases.LoginTestCases" name="testInvalidUserNameValidPasswordLoginWontAllowLoginSuccess" time="0.300"/>
  <system-out/>
  <testcase classname="com.toladata.tests.logintestcases.LoginTestCases" name="testPasswordIsMaskedCorrectly" time="0.163"/>
  <system-out/>
  <testcase classname="com.toladata.tests.logintestcases.LoginTestCases" name="testSuccessfulUserLogin" time="3.832"/>
  <system-out/>
</testsuite> <!-- com.toladata.tests.logintestcases.LoginTestCases -->
